<?xml version="1.0" encoding="UTF-8"?>
<testsuite name="ProgramTest" tests="1" skipped="0" failures="0" errors="0" timestamp="2022-11-13T05:45:00" hostname="MacBook-Pro.attlocal.net" time="0.018">
  <properties/>
  <testcase name="TestCase1()" classname="ProgramTest" time="0.018"/>
  <system-out><![CDATA[]]></system-out>
  <system-err><![CDATA[]]></system-err>
</testsuite>
